  Ball.cpp
  Cannon.cpp
  List.cpp
c:\users\erik\source\repos\chrisnathman\cpts122pa9\list.cpp(5): error C2511: 'ScoreList::ScoreList(void)': overloaded member function not found in 'ScoreList'
  c:\users\erik\source\repos\chrisnathman\cpts122pa9\list.h(16): note: see declaration of 'ScoreList'
c:\users\erik\source\repos\chrisnathman\cpts122pa9\list.cpp(6): error C2597: illegal reference to non-static member 'ScoreList::pHead'
  main.cpp
c:\users\erik\source\repos\chrisnathman\cpts122pa9\main.cpp(1): fatal error C1083: Cannot open include file: 'SFML/Window.hpp': No such file or directory
  Scores.cpp
  Ftp.cpp
c:\users\erik\source\repos\chrisnathman\cpts122pa9\sfml-2.5.1-windows-vc15-64-bit\sfml-2.5.1\examples\ftp\ftp.cpp(5): fatal error C1083: Cannot open include file: 'SFML/Network.hpp': No such file or directory
  Island.cpp
c:\users\erik\source\repos\chrisnathman\cpts122pa9\sfml-2.5.1-windows-vc15-64-bit\sfml-2.5.1\examples\island\island.cpp(6): fatal error C1083: Cannot open include file: 'stb_perlin.h': No such file or directory
  Joystick.cpp
c:\users\erik\source\repos\chrisnathman\cpts122pa9\sfml-2.5.1-windows-vc15-64-bit\sfml-2.5.1\examples\joystick\joystick.cpp(5): fatal error C1083: Cannot open include file: 'SFML/Graphics.hpp': No such file or directory
  OpenGL.cpp
c:\users\erik\source\repos\chrisnathman\cpts122pa9\sfml-2.5.1-windows-vc15-64-bit\sfml-2.5.1\examples\opengl\opengl.cpp(5): fatal error C1083: Cannot open include file: 'SFML/Graphics.hpp': No such file or directory
  Pong.cpp
c:\users\erik\source\repos\chrisnathman\cpts122pa9\sfml-2.5.1-windows-vc15-64-bit\sfml-2.5.1\examples\pong\pong.cpp(5): fatal error C1083: Cannot open include file: 'SFML/Graphics.hpp': No such file or directory
  Shader.cpp
c:\users\erik\source\repos\chrisnathman\cpts122pa9\sfml-2.5.1-windows-vc15-64-bit\sfml-2.5.1\examples\shader\effect.hpp(7): fatal error C1083: Cannot open include file: 'SFML/Graphics.hpp': No such file or directory
  Sockets.cpp
  TCP.cpp
c:\users\erik\source\repos\chrisnathman\cpts122pa9\sfml-2.5.1-windows-vc15-64-bit\sfml-2.5.1\examples\sockets\tcp.cpp(5): fatal error C1083: Cannot open include file: 'SFML/Network.hpp': No such file or directory
  UDP.cpp
c:\users\erik\source\repos\chrisnathman\cpts122pa9\sfml-2.5.1-windows-vc15-64-bit\sfml-2.5.1\examples\sockets\udp.cpp(5): fatal error C1083: Cannot open include file: 'SFML/Network.hpp': No such file or directory
  SoundCapture.cpp
c:\users\erik\source\repos\chrisnathman\cpts122pa9\sfml-2.5.1-windows-vc15-64-bit\sfml-2.5.1\examples\sound-capture\soundcapture.cpp(5): fatal error C1083: Cannot open include file: 'SFML/Audio.hpp': No such file or directory
  Sound.cpp
c:\users\erik\source\repos\chrisnathman\cpts122pa9\sfml-2.5.1-windows-vc15-64-bit\sfml-2.5.1\examples\sound\sound.cpp(5): fatal error C1083: Cannot open include file: 'SFML/Audio.hpp': No such file or directory
  Client.cpp
c:\users\erik\source\repos\chrisnathman\cpts122pa9\sfml-2.5.1-windows-vc15-64-bit\sfml-2.5.1\examples\voip\client.cpp(5): fatal error C1083: Cannot open include file: 'SFML/Audio.hpp': No such file or directory
  Server.cpp
c:\users\erik\source\repos\chrisnathman\cpts122pa9\sfml-2.5.1-windows-vc15-64-bit\sfml-2.5.1\examples\voip\server.cpp(5): fatal error C1083: Cannot open include file: 'SFML/Audio.hpp': No such file or directory
  VoIP.cpp
  Win32.cpp
c:\users\erik\source\repos\chrisnathman\cpts122pa9\sfml-2.5.1-windows-vc15-64-bit\sfml-2.5.1\examples\win32\win32.cpp(5): fatal error C1083: Cannot open include file: 'SFML/Graphics.hpp': No such file or directory
  Generating Code...
  Compiling...
  Window.cpp
c:\users\erik\source\repos\chrisnathman\cpts122pa9\sfml-2.5.1-windows-vc15-64-bit\sfml-2.5.1\examples\window\window.cpp(4): fatal error C1083: Cannot open include file: 'SFML/Window.hpp': No such file or directory
  Generating Code...
